2025-10-24 17:37:16,405 - INFO - === ПЕРВЫЙ ЗАПУСК ПАРСЕРА ===
2025-10-24 17:37:20,531 - ERROR - Ошибка при инициализации базы данных: connection to server at "localhost" (::1), port 5432 failed: Connection refused (0x0000274D/10061)
	Is the server running on that host and accepting TCP/IP connections?
connection to server at "localhost" (127.0.0.1), port 5432 failed: Connection refused (0x0000274D/10061)
	Is the server running on that host and accepting TCP/IP connections?

2025-10-24 17:37:20,532 - INFO - Запуск парсера... (первый запуск)
2025-10-24 17:37:21,719 - INFO - Загружен текст: 916 символов для https://vladikavkaz.bezformata.com/listnews/devushku/152405344/
2025-10-24 17:37:21,725 - INFO - Обработана новость: МВД проводит проверку после публикаций о молодом человеке, преследовавшем девушку в центре Владикавказа
2025-10-24 17:37:22,505 - INFO - Загружен текст: 957 символов для https://petrozavodsk.bezformata.com/listnews/moshennikov/152406109/
2025-10-24 17:37:22,507 - INFO - Обработана новость: Внимательный работник салона связи спас пенсионерку от мошенников
2025-10-24 17:37:23,404 - INFO - Загружен текст: 1175 символов для https://smolensk.bezformata.com/listnews/pitalsya-skrit/152406401/
2025-10-24 17:37:23,406 - INFO - Обработана новость: В Смоленске под стражу заключили водителя, который пытался скрыть смертельное ДТП
2025-10-24 17:37:24,220 - INFO - Загружен текст: 639 символов для https://lenoblast.bezformata.com/listnews/chelovecheskie-ostanki/152406790/
2025-10-24 17:37:24,221 - INFO - Обработана новость: На территории больничного городка в Кировске нашли человеческие останки
2025-10-24 17:37:25,112 - INFO - Загружен текст: 796 символов для https://voronej.bezformata.com/listnews/voronezhskoy/152407992/
2025-10-24 17:37:25,114 - INFO - Обработана новость: Житель Воронежской области изнасиловал знакомую из соцсетей на первом свидании
2025-10-24 17:37:25,948 - INFO - Загружен текст: 640 символов для https://saransk.bezformata.com/listnews/letniy-ded-na-oke/152408051/
2025-10-24 17:37:25,950 - INFO - Обработана новость: В Мордовии 70-летний дед на «Оке» сбил ребенка
2025-10-24 17:37:26,799 - INFO - Загружен текст: 803 символов для https://anapa.bezformata.com/listnews/anapu-pribil-glava-mchs/152409441/
2025-10-24 17:37:26,801 - INFO - Обработана новость: В Анапу прибыл глава МЧС России
2025-10-24 17:37:27,713 - INFO - Загружен текст: 482 символов для https://yoshkarola.bezformata.com/listnews/vredonosnoe/152409533/
2025-10-24 17:37:27,715 - INFO - Обработана новость: Жительница Йошкар-Олы стала должником, скачав вредоносное программное обеспечение
2025-10-24 17:37:28,566 - INFO - Загружен текст: 1364 символов для https://kemerovo.bezformata.com/listnews/propavshego/152409591/
2025-10-24 17:37:28,567 - INFO - Обработана новость: Росгвардейцы помогли горожанке разыскать пропавшего 8-летнего сына
2025-10-24 17:37:29,357 - INFO - Загружен текст: 1026 символов для https://rostovnadonu.bezformata.com/listnews/zagorelsya-telefon/152409597/
2025-10-24 17:37:29,358 - INFO - Обработана новость: У ребенка прямо в школе в руках загорелся телефон в Ростовской области
2025-10-24 17:37:30,205 - INFO - Загружен текст: 738 символов для https://kaluga.bezformata.com/listnews/vizval-perepoloh/152409641/
2025-10-24 17:37:30,207 - INFO - Обработана новость: В Калуге учебный пожар вызвал переполох в социальных сетях
2025-10-24 17:37:31,035 - INFO - Загружен текст: 969 символов для https://arhangelsk.bezformata.com/listnews/bankovskogo/152409891/
2025-10-24 17:37:31,037 - INFO - Обработана новость: Жительница Архангельска предстанет перед судом за хищение денежных средств с банковского счета погибшего участника СВО
2025-10-24 17:37:31,871 - INFO - Загружен текст: 694 символов для https://chelyabinsk.bezformata.com/listnews/gruzovoy-avtomobil/152409994/
2025-10-24 17:37:31,873 - INFO - Обработана новость: В Челябинск грузовой автомобиль сбил 10-летнего школьника
2025-10-24 17:37:32,759 - INFO - Загружен текст: 615 символов для https://tula.bezformata.com/listnews/podrostkov/152410325/
2025-10-24 17:37:32,761 - INFO - Обработана новость: В Щекино двух подростков поймали при попытке сбыть наркотики через тайники
2025-10-24 17:37:33,580 - INFO - Загружен текст: 575 символов для https://ijevsk.bezformata.com/listnews/dtp-v-udmurtii/152410421/
2025-10-24 17:37:33,581 - INFO - Обработана новость: Подросток за рулем машины попал в ДТП в Удмуртии
2025-10-24 17:37:34,378 - INFO - Загружен текст: 440 символов для https://kazan.bezformata.com/listnews/sud-otpravil-v-sizo/152410553/
2025-10-24 17:37:34,379 - INFO - Обработана новость: В Челнах суд отправил в СИЗО пятерых рэкетиров
2025-10-24 17:37:35,223 - INFO - Загружен текст: 1225 символов для https://tolyatti.bezformata.com/listnews/samarskiy-sud/152410794/
2025-10-24 17:37:35,225 - INFO - Обработана новость: Самарский суд оставил в силе приговор участникам порно-студии
2025-10-24 17:37:36,020 - INFO - Загружен текст: 0 символов для https://ekaterinburg.bezformata.com/listnews/dvuhmesyachnoy-docheri/152410803/
2025-10-24 17:37:36,021 - INFO - Обработана новость: Молодую мать судят в Свердловском облсуде за убийство двухмесячной дочери
2025-10-24 17:37:36,792 - INFO - Загружен текст: 455 символов для https://kaliningrad.bezformata.com/listnews/krasnoznamenskom/152411505/
2025-10-24 17:37:36,793 - INFO - Обработана новость: В Краснознаменском районе «Мерседес» врезался в остановку, пострадали две девушки
2025-10-24 17:37:37,632 - INFO - Загружен текст: 457 символов для https://sanktpeterburg.bezformata.com/listnews/lenoblasti/152411538/
2025-10-24 17:37:37,635 - INFO - Обработана новость: Семь человек пострадали в ДТП в Ленобласти
2025-10-24 17:37:38,513 - INFO - Загружен текст: 648 символов для https://stavropol.bezformata.com/listnews/stavropole/152411629/
2025-10-24 17:37:38,515 - INFO - Обработана новость: В Ставрополе глава семьи спас родных из огня
2025-10-24 17:37:39,320 - INFO - Загружен текст: 1022 символов для https://kirov.bezformata.com/listnews/sud-obyazal/152411985/
2025-10-24 17:37:39,322 - INFO - Обработана новость: Суд обязал администрацию выплатить 600 тысяч рублей пострадавшему ребенку
2025-10-24 17:37:39,322 - INFO - Спарсено 22 новостей.
2025-10-24 17:37:43,400 - ERROR - Ошибка при вставке данных: connection to server at "localhost" (::1), port 5432 failed: Connection refused (0x0000274D/10061)
	Is the server running on that host and accepting TCP/IP connections?
connection to server at "localhost" (127.0.0.1), port 5432 failed: Connection refused (0x0000274D/10061)
	Is the server running on that host and accepting TCP/IP connections?

2025-10-24 17:37:43,400 - INFO - Парсинг завершен. Обработано 22 новостей
2025-10-24 17:37:43,401 - INFO - Парсер запущен. Ожидание следующих запусков по расписанию...
2025-10-24 17:38:29,821 - INFO - Парсер остановлен пользователем
2025-10-24 17:38:32,452 - INFO - === ПЕРВЫЙ ЗАПУСК ПАРСЕРА ===
2025-10-24 17:38:36,574 - ERROR - Ошибка при инициализации базы данных: connection to server at "localhost" (::1), port 5432 failed: Connection refused (0x0000274D/10061)
	Is the server running on that host and accepting TCP/IP connections?
connection to server at "localhost" (127.0.0.1), port 5432 failed: Connection refused (0x0000274D/10061)
	Is the server running on that host and accepting TCP/IP connections?

2025-10-24 17:38:36,575 - INFO - Запуск парсера... (первый запуск)
2025-10-24 17:38:37,821 - INFO - Загружен текст: 916 символов для https://vladikavkaz.bezformata.com/listnews/devushku/152405344/
2025-10-24 17:38:37,823 - INFO - Обработана новость: МВД проводит проверку после публикаций о молодом человеке, преследовавшем девушку в центре Владикавказа
2025-10-24 17:38:38,615 - INFO - Загружен текст: 957 символов для https://petrozavodsk.bezformata.com/listnews/moshennikov/152406109/
2025-10-24 17:38:38,618 - INFO - Обработана новость: Внимательный работник салона связи спас пенсионерку от мошенников
2025-10-24 17:38:39,397 - INFO - Загружен текст: 1175 символов для https://smolensk.bezformata.com/listnews/pitalsya-skrit/152406401/
2025-10-24 17:38:39,399 - INFO - Обработана новость: В Смоленске под стражу заключили водителя, который пытался скрыть смертельное ДТП
2025-10-24 17:38:40,206 - INFO - Загружен текст: 639 символов для https://lenoblast.bezformata.com/listnews/chelovecheskie-ostanki/152406790/
2025-10-24 17:38:40,209 - INFO - Обработана новость: На территории больничного городка в Кировске нашли человеческие останки
2025-10-24 17:38:41,028 - INFO - Загружен текст: 796 символов для https://voronej.bezformata.com/listnews/voronezhskoy/152407992/
2025-10-24 17:38:41,030 - INFO - Обработана новость: Житель Воронежской области изнасиловал знакомую из соцсетей на первом свидании
2025-10-24 17:38:41,789 - INFO - Загружен текст: 640 символов для https://saransk.bezformata.com/listnews/letniy-ded-na-oke/152408051/
2025-10-24 17:38:41,790 - INFO - Обработана новость: В Мордовии 70-летний дед на «Оке» сбил ребенка
2025-10-24 17:38:42,593 - INFO - Загружен текст: 803 символов для https://anapa.bezformata.com/listnews/anapu-pribil-glava-mchs/152409441/
2025-10-24 17:38:42,595 - INFO - Обработана новость: В Анапу прибыл глава МЧС России
2025-10-24 17:38:43,366 - INFO - Загружен текст: 482 символов для https://yoshkarola.bezformata.com/listnews/vredonosnoe/152409533/
2025-10-24 17:38:43,367 - INFO - Обработана новость: Жительница Йошкар-Олы стала должником, скачав вредоносное программное обеспечение
2025-10-24 17:38:44,192 - INFO - Загружен текст: 1364 символов для https://kemerovo.bezformata.com/listnews/propavshego/152409591/
2025-10-24 17:38:44,194 - INFO - Обработана новость: Росгвардейцы помогли горожанке разыскать пропавшего 8-летнего сына
2025-10-24 17:38:44,998 - INFO - Загружен текст: 1026 символов для https://rostovnadonu.bezformata.com/listnews/zagorelsya-telefon/152409597/
2025-10-24 17:38:44,999 - INFO - Обработана новость: У ребенка прямо в школе в руках загорелся телефон в Ростовской области
2025-10-24 18:31:34,694 - INFO - === ПЕРВЫЙ ЗАПУСК ПАРСЕРА ===
2025-10-24 18:31:34,776 - ERROR - Ошибка при инициализации базы данных: 
2025-10-24 18:31:34,776 - INFO - Запуск парсера... (первый запуск)
2025-10-24 18:31:36,055 - INFO - Загружен текст: 897 символов для https://irkutsk.bezformata.com/listnews/tayshete-osuzhden/152409100/
2025-10-24 18:31:36,056 - INFO - Обработана новость: В Тайшете осужден мужчина, убивший супруга своей сестры
2025-10-24 18:31:36,853 - INFO - Загружен текст: 593 символов для https://kirov.bezformata.com/listnews/sud-nad-zamom-mamedova/152409278/
2025-10-24 18:31:36,854 - INFO - Обработана новость: Начался суд над замом Мамедова
2025-10-24 18:31:37,818 - INFO - Загружен текст: 793 символов для https://tula.bezformata.com/listnews/shekino-zaderzhani-dvoe/152409551/
2025-10-24 18:31:37,819 - INFO - Обработана новость: В Щекино задержаны двое подростков, подозреваемых в торговле наркотиками через «закладки»
2025-10-24 18:31:38,678 - INFO - Загружен текст: 969 символов для https://arhangelsk.bezformata.com/listnews/bankovskogo/152409891/
2025-10-24 18:31:38,679 - INFO - Обработана новость: Жительница Архангельска предстанет перед судом за хищение денежных средств с банковского счета погибшего участника СВО
2025-10-24 18:31:39,515 - INFO - Загружен текст: 575 символов для https://ijevsk.bezformata.com/listnews/dtp-v-udmurtii/152410421/
2025-10-24 18:31:39,516 - INFO - Обработана новость: Подросток за рулем машины попал в ДТП в Удмуртии
2025-10-24 18:31:40,598 - INFO - Загружен текст: 1010 символов для https://omsk.bezformata.com/listnews/topliva-vveli-rezhim-chs/152410531/
2025-10-24 18:31:40,599 - INFO - Обработана новость: В Омске из-за разлива топлива ввели режим ЧС
2025-10-24 18:31:41,480 - INFO - Загружен текст: 455 символов для https://kaliningrad.bezformata.com/listnews/krasnoznamenskom/152411505/
2025-10-24 18:31:41,483 - INFO - Обработана новость: В Краснознаменском районе «Мерседес» врезался в остановку, пострадали две девушки
2025-10-24 18:31:42,361 - INFO - Загружен текст: 1085 символов для https://yoshkarola.bezformata.com/listnews/perenose-priemnogo/152411913/
2025-10-24 18:31:42,363 - INFO - Обработана новость: О переносе приемного дня!
2025-10-24 18:31:43,195 - INFO - Загружен текст: 2357 символов для https://ryazan.bezformata.com/listnews/okolo-700-grammov/152412031/
2025-10-24 18:31:43,196 - INFO - Обработана новость: У задержанных в Рязанской области межрегиональных наркокурьеров полицейские изъяли около 700 граммов запрещенных веществ
2025-10-24 18:31:44,063 - INFO - Загружен текст: 567 символов для https://pskov.bezformata.com/listnews/dnovskogo-rayona/152412080/
2025-10-24 18:31:44,065 - INFO - Обработана новость: Зарезавшую собутыльника 18-летнюю жительницу Дновского района заключили под стражу
2025-10-24 18:31:44,858 - INFO - Загружен текст: 752 символов для https://smolensk.bezformata.com/listnews/strazhu-voditel/152412668/
2025-10-24 18:31:44,859 - INFO - Обработана новость: В Смоленске взят под стражу водитель, пытавшийся скрыть смертельное ДТП
2025-10-24 18:31:45,790 - INFO - Загружен текст: 613 символов для https://kursk.bezformata.com/listnews/kurske-ishut-vandalov/152412960/
2025-10-24 18:31:45,792 - INFO - Обработана новость: В Курске ищут вандалов сломавших  уличный тренажер
2025-10-24 18:31:46,779 - INFO - Загружен текст: 505 символов для https://lenoblast.bezformata.com/listnews/avtobusa-i-gazeli-v/152413063/
2025-10-24 18:31:46,781 - INFO - Обработана новость: Шесть человек пострадали в лобовом столкновении автобуса и «ГАЗели» в Большой Ижоре
2025-10-24 18:31:47,617 - INFO - Загружен текст: 574 символов для https://penza.bezformata.com/listnews/uaza-postradal-v/152413165/
2025-10-24 18:31:47,618 - INFO - Обработана новость: Водитель УАЗа пострадал в серьезном ДТП в черте Пензы
2025-10-24 18:31:48,466 - INFO - Загружен текст: 1384 символов для https://vladimir.bezformata.com/listnews/izbil-znakomogo/152413321/
2025-10-24 18:31:48,468 - INFO - Обработана новость: В Вязниках обиженный на подругу местный житель до смерти избил знакомого
2025-10-24 18:31:49,282 - INFO - Загружен текст: 695 символов для https://krasnodar.bezformata.com/listnews/za-seriyu-podzhogov/152413572/
2025-10-24 18:31:49,283 - INFO - Обработана новость: ФСБ задержала троих подростков за серию поджогов на железной дороге в Ростове
2025-10-24 18:31:50,060 - INFO - Загружен текст: 572 символов для https://novosibirsk.bezformata.com/listnews/krivodanovkoy/152413857/
2025-10-24 18:31:50,061 - INFO - Обработана новость: Смертельное ДТП произошло под Криводановкой
2025-10-24 18:48:17,707 - INFO - === ПЕРВЫЙ ЗАПУСК ПАРСЕРА ===
2025-10-24 18:48:17,904 - ERROR - Ошибка при инициализации базы данных: 
2025-10-24 18:48:17,904 - INFO - Запуск парсера... (первый запуск)
2025-10-24 18:48:19,216 - INFO - Загружен текст: 793 символов для https://tula.bezformata.com/listnews/shekino-zaderzhani-dvoe/152409551/
2025-10-24 18:48:19,219 - INFO - Обработана новость: В Щекино задержаны двое подростков, подозреваемых в торговле наркотиками через «закладки»
2025-10-24 18:48:20,193 - INFO - Загружен текст: 969 символов для https://arhangelsk.bezformata.com/listnews/bankovskogo/152409891/
2025-10-24 18:48:20,194 - INFO - Обработана новость: Жительница Архангельска предстанет перед судом за хищение денежных средств с банковского счета погибшего участника СВО
2025-10-24 18:48:21,091 - INFO - Загружен текст: 2357 символов для https://ryazan.bezformata.com/listnews/okolo-700-grammov/152412031/
2025-10-24 18:48:21,093 - INFO - Обработана новость: У задержанных в Рязанской области межрегиональных наркокурьеров полицейские изъяли около 700 граммов запрещенных веществ
2025-10-24 18:53:00,406 - INFO - === ПЕРВЫЙ ЗАПУСК ПАРСЕРА ===
2025-10-24 18:53:00,900 - INFO - База данных news_db создана
2025-10-24 18:53:00,995 - INFO - Таблица news создана или уже существует
2025-10-24 18:53:00,995 - INFO - Запуск парсера... (первый запуск)
2025-10-24 18:53:02,171 - INFO - Загружен текст: 793 символов для https://tula.bezformata.com/listnews/shekino-zaderzhani-dvoe/152409551/
2025-10-24 18:53:02,173 - INFO - Обработана новость: В Щекино задержаны двое подростков, подозреваемых в торговле наркотиками через «закладки»
2025-10-24 18:53:03,073 - INFO - Загружен текст: 969 символов для https://arhangelsk.bezformata.com/listnews/bankovskogo/152409891/
2025-10-24 18:53:03,074 - INFO - Обработана новость: Жительница Архангельска предстанет перед судом за хищение денежных средств с банковского счета погибшего участника СВО
2025-10-24 18:53:03,950 - INFO - Загружен текст: 2357 символов для https://ryazan.bezformata.com/listnews/okolo-700-grammov/152412031/
2025-10-24 18:53:03,951 - INFO - Обработана новость: У задержанных в Рязанской области межрегиональных наркокурьеров полицейские изъяли около 700 граммов запрещенных веществ
2025-10-24 18:53:04,792 - INFO - Загружен текст: 567 символов для https://pskov.bezformata.com/listnews/dnovskogo-rayona/152412080/
2025-10-24 18:53:04,793 - INFO - Обработана новость: Зарезавшую собутыльника 18-летнюю жительницу Дновского района заключили под стражу
2025-10-24 18:53:05,716 - INFO - Загружен текст: 613 символов для https://kursk.bezformata.com/listnews/kurske-ishut-vandalov/152412960/
2025-10-24 18:53:05,718 - INFO - Обработана новость: В Курске ищут вандалов сломавших  уличный тренажер
2025-10-24 18:53:06,651 - INFO - Загружен текст: 505 символов для https://lenoblast.bezformata.com/listnews/avtobusa-i-gazeli-v/152413063/
2025-10-24 18:53:06,653 - INFO - Обработана новость: Шесть человек пострадали в лобовом столкновении автобуса и «ГАЗели» в Большой Ижоре
2025-10-24 18:53:07,509 - INFO - Загружен текст: 574 символов для https://penza.bezformata.com/listnews/uaza-postradal-v/152413165/
2025-10-24 18:53:07,510 - INFO - Обработана новость: Водитель УАЗа пострадал в серьезном ДТП в черте Пензы
2025-10-24 18:53:08,344 - INFO - Загружен текст: 1384 символов для https://vladimir.bezformata.com/listnews/izbil-znakomogo/152413321/
2025-10-24 18:53:08,346 - INFO - Обработана новость: В Вязниках обиженный на подругу местный житель до смерти избил знакомого
2025-10-24 18:53:09,337 - INFO - Загружен текст: 695 символов для https://krasnodar.bezformata.com/listnews/za-seriyu-podzhogov/152413572/
2025-10-24 18:53:09,338 - INFO - Обработана новость: ФСБ задержала троих подростков за серию поджогов на железной дороге в Ростове
2025-10-24 18:53:10,178 - INFO - Загружен текст: 1346 символов для https://ijevsk.bezformata.com/listnews/bespravnik/152413672/
2025-10-24 18:53:10,181 - INFO - Обработана новость: В Удмуртии в ходе погони полицейскими задержан нетрезвый бесправник
2025-10-24 18:53:11,036 - INFO - Загружен текст: 58 символов для https://krasnoyarsk.bezformata.com/listnews/reki-obnaruzhili/152413779/
2025-10-24 18:53:11,037 - INFO - Обработана новость: Жители Красноярского края вместо берега реки обнаружили забор
2025-10-24 18:53:12,000 - INFO - Загружен текст: 572 символов для https://novosibirsk.bezformata.com/listnews/krivodanovkoy/152413857/
2025-10-24 18:53:12,001 - INFO - Обработана новость: Смертельное ДТП произошло под Криводановкой
2025-10-24 18:53:12,862 - INFO - Загружен текст: 649 символов для https://kazan.bezformata.com/listnews/vinesli-prigovor/152413946/
2025-10-24 18:53:12,863 - INFO - Обработана новость: В Казани вынесли приговор водителю, который сбил бабушку на кладбище
2025-10-24 18:53:13,783 - INFO - Загружен текст: 1295 символов для https://yaroslavl.bezformata.com/listnews/yaroslavskogo/152414087/
2025-10-24 18:53:13,784 - INFO - Обработана новость: 30 миллионов рублей отдала мошенникам жительница Ярославского района
2025-10-24 18:53:14,719 - INFO - Загружен текст: 1504 символов для https://nnovgorod.bezformata.com/listnews/stantcii-aeratcii/152414372/
2025-10-24 18:53:14,721 - INFO - Обработана новость: Информация о станции аэрации
2025-10-24 18:53:15,643 - INFO - Загружен текст: 998 символов для https://blagoveshensk.bezformata.com/listnews/zee-vahtovika-osudyat/152414387/
2025-10-24 18:53:15,646 - INFO - Обработана новость: В Зее вахтовика осудят за убийство коллеги
2025-10-24 18:53:16,505 - INFO - Загружен текст: 942 символов для https://sanktpeterburg.bezformata.com/listnews/avtobusom-v-bolshoy/152414584/
2025-10-24 18:53:16,507 - INFO - Обработана новость: В ДТП с автобусом в Большой Ижоре пострадали девять человек
2025-10-24 18:53:17,391 - INFO - Загружен текст: 692 символов для https://volgograd.bezformata.com/listnews/voditel/152415514/
2025-10-24 18:53:17,392 - INFO - Обработана новость: Волгоградский водитель накопил более 250 штрафов
2025-10-24 18:53:18,254 - INFO - Загружен текст: 794 символов для https://novosibirsk.bezformata.com/listnews/novosibirska/152397665/
2025-10-24 18:53:18,255 - INFO - Обработана новость: Бастрыкин заинтересовался делом о травмировании ребенка в детсаду Новосибирска
2025-10-24 18:53:19,073 - INFO - Загружен текст: 1257 символов для https://petropavlovskkamchatskiy.bezformata.com/listnews/godovaliy-rebenok/152399522/
2025-10-24 18:53:19,075 - INFO - Обработана новость: На Камчатке годовалый ребенок получил удар током
2025-10-24 18:53:19,930 - INFO - Загружен текст: 537 символов для https://grozniy.bezformata.com/listnews/gudermesskom/152401602/
2025-10-24 18:53:19,931 - INFO - Обработана новость: В Гудермесском районе республики произошло дорожно-транспортное происшествие, пострадавших нет
2025-10-24 18:53:20,752 - INFO - Загружен текст: 1483 символов для https://vladivostok.bezformata.com/listnews/tyazhkogo-vreda/152403257/
2025-10-24 18:53:20,754 - INFO - Обработана новость: В Приморье полиция расследует дело о причинении тяжкого вреда здоровью
2025-10-24 18:53:20,754 - INFO - Спарсено 22 новостей.
2025-10-24 18:53:20,834 - INFO - Успешно добавлено 1 новых записей в базу данных
2025-10-24 18:53:20,834 - INFO - Парсинг завершен. Обработано 22 новостей
2025-10-24 18:53:20,834 - INFO - Парсер запущен. Ожидание следующих запусков по расписанию...
2025-10-24 18:58:54,887 - INFO - Парсер остановлен пользователем
2025-10-24 18:58:56,979 - INFO - === ПЕРВЫЙ ЗАПУСК ПАРСЕРА ===
2025-10-24 18:58:57,212 - INFO - Таблица news создана или уже существует
2025-10-24 18:58:57,212 - INFO - Запуск парсера... (первый запуск)
2025-10-24 18:58:58,397 - INFO - Загружен текст: 2357 символов для https://ryazan.bezformata.com/listnews/okolo-700-grammov/152412031/
2025-10-24 18:58:58,398 - INFO - Обработана новость: У задержанных в Рязанской области межрегиональных наркокурьеров полицейские изъяли около 700 граммов запрещенных веществ
2025-10-24 18:58:59,186 - INFO - Загружен текст: 567 символов для https://pskov.bezformata.com/listnews/dnovskogo-rayona/152412080/
2025-10-24 18:58:59,188 - INFO - Обработана новость: Зарезавшую собутыльника 18-летнюю жительницу Дновского района заключили под стражу
2025-10-24 18:59:00,073 - INFO - Загружен текст: 505 символов для https://lenoblast.bezformata.com/listnews/avtobusa-i-gazeli-v/152413063/
2025-10-24 18:59:00,074 - INFO - Обработана новость: Шесть человек пострадали в лобовом столкновении автобуса и «ГАЗели» в Большой Ижоре
2025-10-24 18:59:00,872 - INFO - Загружен текст: 58 символов для https://krasnoyarsk.bezformata.com/listnews/reki-obnaruzhili/152413779/
2025-10-24 18:59:00,874 - INFO - Обработана новость: Жители Красноярского края вместо берега реки обнаружили забор
